app/build/intermediates/manifest_merge_blame_file/debug/manifest-merger-blame-debug-report.txt
1<?xml version="1.0" encoding="utf-8"?>
2<manifest xmlns:android="http://schemas.android.com/apk/res/android"
3    package="com.example.mobelite_community"
4    android:versionCode="1"
5    android:versionName="1.0" >
6
7    <uses-sdk
8        android:minSdkVersion="28"
8-->src\main\AndroidManifest.xml
9        android:targetSdkVersion="32" />
9-->src\main\AndroidManifest.xml
10
11    <uses-permission android:name="android.permission.INTERNET" />
11-->src\main\AndroidManifest.xml:4:5-83
11-->src\main\AndroidManifest.xml:4:22-64
12
13    <application
13-->src\main\AndroidManifest.xml:5:5-27:19
14        android:allowBackup="true"
14-->src\main\AndroidManifest.xml:6:9-35
15        android:appComponentFactory="androidx.core.app.CoreComponentFactory"
15-->[androidx.core:core:1.7.0] AndroidManifest.xml:24:18-86
16        android:debuggable="true"
17        android:extractNativeLibs="false"
18        android:icon="@mipmap/ic_launcher"
18-->src\main\AndroidManifest.xml:7:9-43
19        android:label="@string/app_name"
19-->src\main\AndroidManifest.xml:8:9-41
20        android:roundIcon="@mipmap/ic_launcher_round"
20-->src\main\AndroidManifest.xml:9:9-54
21        android:supportsRtl="true"
21-->src\main\AndroidManifest.xml:10:9-35
22        android:testOnly="true"
23        android:theme="@style/Theme.Mobelite_Community" >
23-->src\main\AndroidManifest.xml:11:9-56
24        <activity
24-->src\main\AndroidManifest.xml:12:9-14:40
25            android:name="com.example.mobelite_community.activities.DetailScreen"
25-->src\main\AndroidManifest.xml:13:13-52
26            android:exported="false" />
26-->src\main\AndroidManifest.xml:14:13-37
27        <activity
27-->src\main\AndroidManifest.xml:15:9-17:40
28            android:name="com.example.mobelite_community.activities.PictureFullScreen"
28-->src\main\AndroidManifest.xml:16:13-57
29            android:exported="false" />
29-->src\main\AndroidManifest.xml:17:13-37
30        <activity
30-->src\main\AndroidManifest.xml:18:9-26:20
31            android:name="com.example.mobelite_community.activities.MainActivity"
31-->src\main\AndroidManifest.xml:19:13-52
32            android:exported="true" >
32-->src\main\AndroidManifest.xml:20:13-36
33            <intent-filter>
33-->src\main\AndroidManifest.xml:21:13-25:29
34                <action android:name="android.intent.action.MAIN" />
34-->src\main\AndroidManifest.xml:22:17-69
34-->src\main\AndroidManifest.xml:22:25-66
35
36                <category android:name="android.intent.category.LAUNCHER" />
36-->src\main\AndroidManifest.xml:24:17-77
36-->src\main\AndroidManifest.xml:24:27-74
37            </intent-filter>
38        </activity>
39
40        <uses-library
40-->[androidx.window:window:1.0.0] AndroidManifest.xml:25:9-27:40
41            android:name="androidx.window.extensions"
41-->[androidx.window:window:1.0.0] AndroidManifest.xml:26:13-54
42            android:required="false" />
42-->[androidx.window:window:1.0.0] AndroidManifest.xml:27:13-37
43        <uses-library
43-->[androidx.window:window:1.0.0] AndroidManifest.xml:28:9-30:40
44            android:name="androidx.window.sidecar"
44-->[androidx.window:window:1.0.0] AndroidManifest.xml:29:13-51
45            android:required="false" />
45-->[androidx.window:window:1.0.0] AndroidManifest.xml:30:13-37
46
47        <provider
47-->[com.squareup.picasso:picasso:2.71828] AndroidManifest.xml:8:9-11:40
48            android:name="com.squareup.picasso.PicassoProvider"
48-->[com.squareup.picasso:picasso:2.71828] AndroidManifest.xml:9:13-64
49            android:authorities="com.example.mobelite_community.com.squareup.picasso"
49-->[com.squareup.picasso:picasso:2.71828] AndroidManifest.xml:10:13-72
50            android:exported="false" />
50-->[com.squareup.picasso:picasso:2.71828] AndroidManifest.xml:11:13-37
51        <provider
51-->[androidx.emoji2:emoji2:1.0.0] AndroidManifest.xml:26:9-34:20
52            android:name="androidx.startup.InitializationProvider"
52-->[androidx.emoji2:emoji2:1.0.0] AndroidManifest.xml:27:13-67
53            android:authorities="com.example.mobelite_community.androidx-startup"
53-->[androidx.emoji2:emoji2:1.0.0] AndroidManifest.xml:28:13-68
54            android:exported="false" >
54-->[androidx.emoji2:emoji2:1.0.0] AndroidManifest.xml:29:13-37
55            <meta-data
55-->[androidx.emoji2:emoji2:1.0.0] AndroidManifest.xml:31:13-33:52
56                android:name="androidx.emoji2.text.EmojiCompatInitializer"
56-->[androidx.emoji2:emoji2:1.0.0] AndroidManifest.xml:32:17-75
57                android:value="androidx.startup" />
57-->[androidx.emoji2:emoji2:1.0.0] AndroidManifest.xml:33:17-49
58            <meta-data
58-->[androidx.lifecycle:lifecycle-process:2.4.0] AndroidManifest.xml:31:13-33:52
59                android:name="androidx.lifecycle.ProcessLifecycleInitializer"
59-->[androidx.lifecycle:lifecycle-process:2.4.0] AndroidManifest.xml:32:17-78
60                android:value="androidx.startup" />
60-->[androidx.lifecycle:lifecycle-process:2.4.0] AndroidManifest.xml:33:17-49
61        </provider>
62    </application>
63
64</manifest>